ERROR - 2024-04-01 06:22:31 --> Error connecting to the database: mysqli_sql_exception: No connection could be made because the target machine actively refused it in C:\Users\Windows 11\Downloads\project-root\project-root\vendor\codeigniter4\framework\system\Database\MySQLi\Connection.php:184
Stack trace:
#0 C:\Users\Windows 11\Downloads\project-root\project-root\vendor\codeigniter4\framework\system\Database\MySQLi\Connection.php(184): mysqli->real_connect('localhost', 'root', Object(SensitiveParameterValue), 'ci4', 3306, '', 0)
#1 C:\Users\Windows 11\Downloads\project-root\project-root\vendor\codeigniter4\framework\system\Database\BaseConnection.php(392): CodeIgniter\Database\MySQLi\Connection->connect(false)
#2 C:\Users\Windows 11\Downloads\project-root\project-root\vendor\codeigniter4\framework\system\Database\BaseConnection.php(575): CodeIgniter\Database\BaseConnection->initialize()
#3 C:\Users\Windows 11\Downloads\project-root\project-root\vendor\codeigniter4\framework\system\Database\BaseBuilder.php(1616): CodeIgniter\Database\BaseConnection->query('SELECT *\nFROM `...', Array, false)
#4 C:\Users\Windows 11\Downloads\project-root\project-root\vendor\codeigniter4\framework\system\Model.php(242): CodeIgniter\Database\BaseBuilder->get()
#5 C:\Users\Windows 11\Downloads\project-root\project-root\vendor\codeigniter4\framework\system\BaseModel.php(638): CodeIgniter\Model->doFindAll(0, 0)
#6 C:\Users\Windows 11\Downloads\project-root\project-root\app\Models\BooksModel.php(17): CodeIgniter\BaseModel->findAll()
#7 C:\Users\Windows 11\Downloads\project-root\project-root\app\Controllers\Books.php(19): App\Models\BooksModel->getBuku()
#8 C:\Users\Windows 11\Downloads\project-root\project-root\vendor\codeigniter4\framework\system\CodeIgniter.php(941): App\Controllers\Books->index()
#9 C:\Users\Windows 11\Downloads\project-root\project-root\vendor\codeigniter4\framework\system\CodeIgniter.php(502): CodeIgniter\CodeIgniter->runController(Object(App\Controllers\Books))
#10 C:\Users\Windows 11\Downloads\project-root\project-root\vendor\codeigniter4\framework\system\CodeIgniter.php(361): CodeIgniter\CodeIgniter->handleRequest(NULL, Object(Config\Cache), false)
#11 C:\Users\Windows 11\Downloads\project-root\project-root\public\index.php(79): CodeIgniter\CodeIgniter->run()
#12 C:\Users\Windows 11\Downloads\project-root\project-root\vendor\codeigniter4\framework\system\Commands\Server\rewrite.php(47): require_once('C:\\Users\\Window...')
#13 {main}

Next CodeIgniter\Database\Exceptions\DatabaseException: No connection could be made because the target machine actively refused it in C:\Users\Windows 11\Downloads\project-root\project-root\vendor\codeigniter4\framework\system\Database\MySQLi\Connection.php:229
Stack trace:
#0 C:\Users\Windows 11\Downloads\project-root\project-root\vendor\codeigniter4\framework\system\Database\BaseConnection.php(392): CodeIgniter\Database\MySQLi\Connection->connect(false)
#1 C:\Users\Windows 11\Downloads\project-root\project-root\vendor\codeigniter4\framework\system\Database\BaseConnection.php(575): CodeIgniter\Database\BaseConnection->initialize()
#2 C:\Users\Windows 11\Downloads\project-root\project-root\vendor\codeigniter4\framework\system\Database\BaseBuilder.php(1616): CodeIgniter\Database\BaseConnection->query('SELECT *\nFROM `...', Array, false)
#3 C:\Users\Windows 11\Downloads\project-root\project-root\vendor\codeigniter4\framework\system\Model.php(242): CodeIgniter\Database\BaseBuilder->get()
#4 C:\Users\Windows 11\Downloads\project-root\project-root\vendor\codeigniter4\framework\system\BaseModel.php(638): CodeIgniter\Model->doFindAll(0, 0)
#5 C:\Users\Windows 11\Downloads\project-root\project-root\app\Models\BooksModel.php(17): CodeIgniter\BaseModel->findAll()
#6 C:\Users\Windows 11\Downloads\project-root\project-root\app\Controllers\Books.php(19): App\Models\BooksModel->getBuku()
#7 C:\Users\Windows 11\Downloads\project-root\project-root\vendor\codeigniter4\framework\system\CodeIgniter.php(941): App\Controllers\Books->index()
#8 C:\Users\Windows 11\Downloads\project-root\project-root\vendor\codeigniter4\framework\system\CodeIgniter.php(502): CodeIgniter\CodeIgniter->runController(Object(App\Controllers\Books))
#9 C:\Users\Windows 11\Downloads\project-root\project-root\vendor\codeigniter4\framework\system\CodeIgniter.php(361): CodeIgniter\CodeIgniter->handleRequest(NULL, Object(Config\Cache), false)
#10 C:\Users\Windows 11\Downloads\project-root\project-root\public\index.php(79): CodeIgniter\CodeIgniter->run()
#11 C:\Users\Windows 11\Downloads\project-root\project-root\vendor\codeigniter4\framework\system\Commands\Server\rewrite.php(47): require_once('C:\\Users\\Window...')
#12 {main}
CRITICAL - 2024-04-01 06:22:31 --> CodeIgniter\Database\Exceptions\DatabaseException: Unable to connect to the database.
Main connection [MySQLi]: No connection could be made because the target machine actively refused it
in SYSTEMPATH\Database\BaseConnection.php on line 428.
 1 SYSTEMPATH\Database\BaseConnection.php(575): CodeIgniter\Database\BaseConnection->initialize()
 2 SYSTEMPATH\Database\BaseBuilder.php(1616): CodeIgniter\Database\BaseConnection->query('SELECT *
FROM `books`', [], false)
 3 SYSTEMPATH\Model.php(242): CodeIgniter\Database\BaseBuilder->get()
 4 SYSTEMPATH\BaseModel.php(638): CodeIgniter\Model->doFindAll(0, 0)
 5 APPPATH\Models\BooksModel.php(17): CodeIgniter\BaseModel->findAll()
 6 APPPATH\Controllers\Books.php(19): App\Models\BooksModel->getBuku()
 7 SYSTEMPATH\CodeIgniter.php(941): App\Controllers\Books->index()
 8 SYSTEMPATH\CodeIgniter.php(502): CodeIgniter\CodeIgniter->runController(Object(App\Controllers\Books))
 9 SYSTEMPATH\CodeIgniter.php(361): CodeIgniter\CodeIgniter->handleRequest(null, Object(Config\Cache), false)
10 FCPATH\index.php(79): CodeIgniter\CodeIgniter->run()
11 SYSTEMPATH\Commands\Server\rewrite.php(47): require_once('C:\\Users\\Windows 11\\Downloads\\project-root\\project-root\\public\\index.php')
ERROR - 2024-04-01 06:23:35 --> Error connecting to the database: mysqli_sql_exception: No connection could be made because the target machine actively refused it in C:\Users\Windows 11\Downloads\project-root\project-root\vendor\codeigniter4\framework\system\Database\MySQLi\Connection.php:184
Stack trace:
#0 C:\Users\Windows 11\Downloads\project-root\project-root\vendor\codeigniter4\framework\system\Database\MySQLi\Connection.php(184): mysqli->real_connect('127.0.0.1', 'root', Object(SensitiveParameterValue), 'ci4', 3306, '', 0)
#1 C:\Users\Windows 11\Downloads\project-root\project-root\vendor\codeigniter4\framework\system\Database\BaseConnection.php(392): CodeIgniter\Database\MySQLi\Connection->connect(false)
#2 C:\Users\Windows 11\Downloads\project-root\project-root\vendor\codeigniter4\framework\system\Database\BaseConnection.php(575): CodeIgniter\Database\BaseConnection->initialize()
#3 C:\Users\Windows 11\Downloads\project-root\project-root\vendor\codeigniter4\framework\system\Database\BaseBuilder.php(1616): CodeIgniter\Database\BaseConnection->query('SELECT *\nFROM `...', Array, false)
#4 C:\Users\Windows 11\Downloads\project-root\project-root\vendor\codeigniter4\framework\system\Model.php(242): CodeIgniter\Database\BaseBuilder->get()
#5 C:\Users\Windows 11\Downloads\project-root\project-root\vendor\codeigniter4\framework\system\BaseModel.php(638): CodeIgniter\Model->doFindAll(0, 0)
#6 C:\Users\Windows 11\Downloads\project-root\project-root\app\Models\BooksModel.php(17): CodeIgniter\BaseModel->findAll()
#7 C:\Users\Windows 11\Downloads\project-root\project-root\app\Controllers\Books.php(19): App\Models\BooksModel->getBuku()
#8 C:\Users\Windows 11\Downloads\project-root\project-root\vendor\codeigniter4\framework\system\CodeIgniter.php(941): App\Controllers\Books->index()
#9 C:\Users\Windows 11\Downloads\project-root\project-root\vendor\codeigniter4\framework\system\CodeIgniter.php(502): CodeIgniter\CodeIgniter->runController(Object(App\Controllers\Books))
#10 C:\Users\Windows 11\Downloads\project-root\project-root\vendor\codeigniter4\framework\system\CodeIgniter.php(361): CodeIgniter\CodeIgniter->handleRequest(NULL, Object(Config\Cache), false)
#11 C:\Users\Windows 11\Downloads\project-root\project-root\public\index.php(79): CodeIgniter\CodeIgniter->run()
#12 C:\Users\Windows 11\Downloads\project-root\project-root\vendor\codeigniter4\framework\system\Commands\Server\rewrite.php(47): require_once('C:\\Users\\Window...')
#13 {main}

Next CodeIgniter\Database\Exceptions\DatabaseException: No connection could be made because the target machine actively refused it in C:\Users\Windows 11\Downloads\project-root\project-root\vendor\codeigniter4\framework\system\Database\MySQLi\Connection.php:229
Stack trace:
#0 C:\Users\Windows 11\Downloads\project-root\project-root\vendor\codeigniter4\framework\system\Database\BaseConnection.php(392): CodeIgniter\Database\MySQLi\Connection->connect(false)
#1 C:\Users\Windows 11\Downloads\project-root\project-root\vendor\codeigniter4\framework\system\Database\BaseConnection.php(575): CodeIgniter\Database\BaseConnection->initialize()
#2 C:\Users\Windows 11\Downloads\project-root\project-root\vendor\codeigniter4\framework\system\Database\BaseBuilder.php(1616): CodeIgniter\Database\BaseConnection->query('SELECT *\nFROM `...', Array, false)
#3 C:\Users\Windows 11\Downloads\project-root\project-root\vendor\codeigniter4\framework\system\Model.php(242): CodeIgniter\Database\BaseBuilder->get()
#4 C:\Users\Windows 11\Downloads\project-root\project-root\vendor\codeigniter4\framework\system\BaseModel.php(638): CodeIgniter\Model->doFindAll(0, 0)
#5 C:\Users\Windows 11\Downloads\project-root\project-root\app\Models\BooksModel.php(17): CodeIgniter\BaseModel->findAll()
#6 C:\Users\Windows 11\Downloads\project-root\project-root\app\Controllers\Books.php(19): App\Models\BooksModel->getBuku()
#7 C:\Users\Windows 11\Downloads\project-root\project-root\vendor\codeigniter4\framework\system\CodeIgniter.php(941): App\Controllers\Books->index()
#8 C:\Users\Windows 11\Downloads\project-root\project-root\vendor\codeigniter4\framework\system\CodeIgniter.php(502): CodeIgniter\CodeIgniter->runController(Object(App\Controllers\Books))
#9 C:\Users\Windows 11\Downloads\project-root\project-root\vendor\codeigniter4\framework\system\CodeIgniter.php(361): CodeIgniter\CodeIgniter->handleRequest(NULL, Object(Config\Cache), false)
#10 C:\Users\Windows 11\Downloads\project-root\project-root\public\index.php(79): CodeIgniter\CodeIgniter->run()
#11 C:\Users\Windows 11\Downloads\project-root\project-root\vendor\codeigniter4\framework\system\Commands\Server\rewrite.php(47): require_once('C:\\Users\\Window...')
#12 {main}
CRITICAL - 2024-04-01 06:23:35 --> CodeIgniter\Database\Exceptions\DatabaseException: Unable to connect to the database.
Main connection [MySQLi]: No connection could be made because the target machine actively refused it
in SYSTEMPATH\Database\BaseConnection.php on line 428.
 1 SYSTEMPATH\Database\BaseConnection.php(575): CodeIgniter\Database\BaseConnection->initialize()
 2 SYSTEMPATH\Database\BaseBuilder.php(1616): CodeIgniter\Database\BaseConnection->query('SELECT *
FROM `books`', [], false)
 3 SYSTEMPATH\Model.php(242): CodeIgniter\Database\BaseBuilder->get()
 4 SYSTEMPATH\BaseModel.php(638): CodeIgniter\Model->doFindAll(0, 0)
 5 APPPATH\Models\BooksModel.php(17): CodeIgniter\BaseModel->findAll()
 6 APPPATH\Controllers\Books.php(19): App\Models\BooksModel->getBuku()
 7 SYSTEMPATH\CodeIgniter.php(941): App\Controllers\Books->index()
 8 SYSTEMPATH\CodeIgniter.php(502): CodeIgniter\CodeIgniter->runController(Object(App\Controllers\Books))
 9 SYSTEMPATH\CodeIgniter.php(361): CodeIgniter\CodeIgniter->handleRequest(null, Object(Config\Cache), false)
10 FCPATH\index.php(79): CodeIgniter\CodeIgniter->run()
11 SYSTEMPATH\Commands\Server\rewrite.php(47): require_once('C:\\Users\\Windows 11\\Downloads\\project-root\\project-root\\public\\index.php')
CRITICAL - 2024-04-01 06:28:33 --> ErrorException: Trying to access array offset on value of type null
in APPPATH\Views\books\detail.php on line 11.
 1 APPPATH\Views\books\detail.php(11): CodeIgniter\Debug\Exceptions->errorHandler(2, 'Trying to access array offset on value of type null', 'C:\\Users\\Windows 11\\Downloads\\project-root\\project-root\\app\\Views\\books\\detail.php', 11)
 2 SYSTEMPATH\View\View.php(228): include('C:\\Users\\Windows 11\\Downloads\\project-root\\project-root\\app\\Views\\books\\detail.php')
 3 SYSTEMPATH\View\View.php(231): CodeIgniter\View\View->CodeIgniter\View\{closure}()
 4 SYSTEMPATH\Common.php(1178): CodeIgniter\View\View->render('books/detail', [], true)
 5 APPPATH\Controllers\Books.php(35): view('books/detail', [...])
 6 SYSTEMPATH\CodeIgniter.php(941): App\Controllers\Books->detail('naruto')
 7 SYSTEMPATH\CodeIgniter.php(502): CodeIgniter\CodeIgniter->runController(Object(App\Controllers\Books))
 8 SYSTEMPATH\CodeIgniter.php(361): CodeIgniter\CodeIgniter->handleRequest(null, Object(Config\Cache), false)
 9 FCPATH\index.php(79): CodeIgniter\CodeIgniter->run()
10 SYSTEMPATH\Commands\Server\rewrite.php(47): require_once('C:\\Users\\Windows 11\\Downloads\\project-root\\project-root\\public\\index.php')
CRITICAL - 2024-04-01 06:28:35 --> ErrorException: Trying to access array offset on value of type null
in APPPATH\Views\books\detail.php on line 11.
 1 APPPATH\Views\books\detail.php(11): CodeIgniter\Debug\Exceptions->errorHandler(2, 'Trying to access array offset on value of type null', 'C:\\Users\\Windows 11\\Downloads\\project-root\\project-root\\app\\Views\\books\\detail.php', 11)
 2 SYSTEMPATH\View\View.php(228): include('C:\\Users\\Windows 11\\Downloads\\project-root\\project-root\\app\\Views\\books\\detail.php')
 3 SYSTEMPATH\View\View.php(231): CodeIgniter\View\View->CodeIgniter\View\{closure}()
 4 SYSTEMPATH\Common.php(1178): CodeIgniter\View\View->render('books/detail', [], true)
 5 APPPATH\Controllers\Books.php(35): view('books/detail', [...])
 6 SYSTEMPATH\CodeIgniter.php(941): App\Controllers\Books->detail('naruto')
 7 SYSTEMPATH\CodeIgniter.php(502): CodeIgniter\CodeIgniter->runController(Object(App\Controllers\Books))
 8 SYSTEMPATH\CodeIgniter.php(361): CodeIgniter\CodeIgniter->handleRequest(null, Object(Config\Cache), false)
 9 FCPATH\index.php(79): CodeIgniter\CodeIgniter->run()
10 SYSTEMPATH\Commands\Server\rewrite.php(47): require_once('C:\\Users\\Windows 11\\Downloads\\project-root\\project-root\\public\\index.php')
