INFO - 2024-05-23 22:24:55 --> Session: Class initialized using 'CodeIgniter\Session\Handlers\FileHandler' driver.
INFO - 2024-05-23 22:25:01 --> Session: Class initialized using 'CodeIgniter\Session\Handlers\FileHandler' driver.
INFO - 2024-05-23 22:25:05 --> Session: Class initialized using 'CodeIgniter\Session\Handlers\FileHandler' driver.
INFO - 2024-05-23 23:00:35 --> Session: Class initialized using 'CodeIgniter\Session\Handlers\FileHandler' driver.
INFO - 2024-05-23 23:00:38 --> Session: Class initialized using 'CodeIgniter\Session\Handlers\FileHandler' driver.
INFO - 2024-05-23 23:00:42 --> Session: Class initialized using 'CodeIgniter\Session\Handlers\FileHandler' driver.
INFO - 2024-05-23 23:00:43 --> Session: Class initialized using 'CodeIgniter\Session\Handlers\FileHandler' driver.
INFO - 2024-05-23 23:00:47 --> Session: Class initialized using 'CodeIgniter\Session\Handlers\FileHandler' driver.
INFO - 2024-05-23 23:00:50 --> Session: Class initialized using 'CodeIgniter\Session\Handlers\FileHandler' driver.
INFO - 2024-05-23 23:01:00 --> Session: Class initialized using 'CodeIgniter\Session\Handlers\FileHandler' driver.
INFO - 2024-05-23 23:01:42 --> Session: Class initialized using 'CodeIgniter\Session\Handlers\FileHandler' driver.
INFO - 2024-05-23 23:01:45 --> Session: Class initialized using 'CodeIgniter\Session\Handlers\FileHandler' driver.
INFO - 2024-05-23 23:01:52 --> Session: Class initialized using 'CodeIgniter\Session\Handlers\FileHandler' driver.
INFO - 2024-05-23 23:01:55 --> Session: Class initialized using 'CodeIgniter\Session\Handlers\FileHandler' driver.
INFO - 2024-05-23 23:01:57 --> Session: Class initialized using 'CodeIgniter\Session\Handlers\FileHandler' driver.
INFO - 2024-05-23 23:01:59 --> Session: Class initialized using 'CodeIgniter\Session\Handlers\FileHandler' driver.
INFO - 2024-05-23 23:11:49 --> Session: Class initialized using 'CodeIgniter\Session\Handlers\FileHandler' driver.
CRITICAL - 2024-05-23 23:11:49 --> ErrorException: Undefined property: App\Controllers\Books::$bukuModel
in APPPATH\Controllers\Books.php on line 114.
 1 APPPATH\Controllers\Books.php(114): CodeIgniter\Debug\Exceptions->errorHandler(2, 'Undefined property: App\\Controllers\\Books::$bukuModel', 'C:\\xampp\\htdocs\\project-root\\app\\Controllers\\Books.php', 114)
 2 SYSTEMPATH\CodeIgniter.php(941): App\Controllers\Books->edit('walk you')
 3 SYSTEMPATH\CodeIgniter.php(502): CodeIgniter\CodeIgniter->runController(Object(App\Controllers\Books))
 4 SYSTEMPATH\CodeIgniter.php(361): CodeIgniter\CodeIgniter->handleRequest(null, Object(Config\Cache), false)
 5 FCPATH\index.php(79): CodeIgniter\CodeIgniter->run()
 6 SYSTEMPATH\Commands\Server\rewrite.php(47): require_once('C:\\xampp\\htdocs\\project-root\\public\\index.php')
INFO - 2024-05-23 23:13:48 --> Session: Class initialized using 'CodeIgniter\Session\Handlers\FileHandler' driver.
CRITICAL - 2024-05-23 23:13:48 --> BadMethodCallException: Call to undefined method App\Models\BooksModel::getBuku
in SYSTEMPATH\Model.php on line 874.
 1 APPPATH\Controllers\Books.php(109): CodeIgniter\Model->__call('getBuku', [...])
 2 SYSTEMPATH\CodeIgniter.php(941): App\Controllers\Books->edit('walk you')
 3 SYSTEMPATH\CodeIgniter.php(502): CodeIgniter\CodeIgniter->runController(Object(App\Controllers\Books))
 4 SYSTEMPATH\CodeIgniter.php(361): CodeIgniter\CodeIgniter->handleRequest(null, Object(Config\Cache), false)
 5 FCPATH\index.php(79): CodeIgniter\CodeIgniter->run()
 6 SYSTEMPATH\Commands\Server\rewrite.php(47): require_once('C:\\xampp\\htdocs\\project-root\\public\\index.php')
INFO - 2024-05-23 23:13:50 --> Session: Class initialized using 'CodeIgniter\Session\Handlers\FileHandler' driver.
CRITICAL - 2024-05-23 23:13:50 --> BadMethodCallException: Call to undefined method App\Models\BooksModel::getBuku
in SYSTEMPATH\Model.php on line 874.
 1 APPPATH\Controllers\Books.php(109): CodeIgniter\Model->__call('getBuku', [...])
 2 SYSTEMPATH\CodeIgniter.php(941): App\Controllers\Books->edit('walk you')
 3 SYSTEMPATH\CodeIgniter.php(502): CodeIgniter\CodeIgniter->runController(Object(App\Controllers\Books))
 4 SYSTEMPATH\CodeIgniter.php(361): CodeIgniter\CodeIgniter->handleRequest(null, Object(Config\Cache), false)
 5 FCPATH\index.php(79): CodeIgniter\CodeIgniter->run()
 6 SYSTEMPATH\Commands\Server\rewrite.php(47): require_once('C:\\xampp\\htdocs\\project-root\\public\\index.php')
INFO - 2024-05-23 23:13:56 --> Session: Class initialized using 'CodeIgniter\Session\Handlers\FileHandler' driver.
CRITICAL - 2024-05-23 23:13:56 --> BadMethodCallException: Call to undefined method App\Models\BooksModel::getBuku
in SYSTEMPATH\Model.php on line 874.
 1 APPPATH\Controllers\Books.php(30): CodeIgniter\Model->__call('getBuku', [...])
 2 SYSTEMPATH\CodeIgniter.php(941): App\Controllers\Books->detail('walk you')
 3 SYSTEMPATH\CodeIgniter.php(502): CodeIgniter\CodeIgniter->runController(Object(App\Controllers\Books))
 4 SYSTEMPATH\CodeIgniter.php(361): CodeIgniter\CodeIgniter->handleRequest(null, Object(Config\Cache), false)
 5 FCPATH\index.php(79): CodeIgniter\CodeIgniter->run()
 6 SYSTEMPATH\Commands\Server\rewrite.php(47): require_once('C:\\xampp\\htdocs\\project-root\\public\\index.php')
INFO - 2024-05-23 23:13:58 --> Session: Class initialized using 'CodeIgniter\Session\Handlers\FileHandler' driver.
INFO - 2024-05-23 23:14:01 --> Session: Class initialized using 'CodeIgniter\Session\Handlers\FileHandler' driver.
CRITICAL - 2024-05-23 23:14:01 --> BadMethodCallException: Call to undefined method App\Models\BooksModel::getBuku
in SYSTEMPATH\Model.php on line 874.
 1 APPPATH\Controllers\Books.php(30): CodeIgniter\Model->__call('getBuku', [...])
 2 SYSTEMPATH\CodeIgniter.php(941): App\Controllers\Books->detail('malioboro')
 3 SYSTEMPATH\CodeIgniter.php(502): CodeIgniter\CodeIgniter->runController(Object(App\Controllers\Books))
 4 SYSTEMPATH\CodeIgniter.php(361): CodeIgniter\CodeIgniter->handleRequest(null, Object(Config\Cache), false)
 5 FCPATH\index.php(79): CodeIgniter\CodeIgniter->run()
 6 SYSTEMPATH\Commands\Server\rewrite.php(47): require_once('C:\\xampp\\htdocs\\project-root\\public\\index.php')
INFO - 2024-05-23 23:14:05 --> Session: Class initialized using 'CodeIgniter\Session\Handlers\FileHandler' driver.
INFO - 2024-05-23 23:14:07 --> Session: Class initialized using 'CodeIgniter\Session\Handlers\FileHandler' driver.
INFO - 2024-05-23 23:14:11 --> Session: Class initialized using 'CodeIgniter\Session\Handlers\FileHandler' driver.
INFO - 2024-05-23 23:14:14 --> Session: Class initialized using 'CodeIgniter\Session\Handlers\FileHandler' driver.
CRITICAL - 2024-05-23 23:14:14 --> BadMethodCallException: Call to undefined method App\Models\BooksModel::getBuku
in SYSTEMPATH\Model.php on line 874.
 1 APPPATH\Controllers\Books.php(30): CodeIgniter\Model->__call('getBuku', [...])
 2 SYSTEMPATH\CodeIgniter.php(941): App\Controllers\Books->detail('malioboro')
 3 SYSTEMPATH\CodeIgniter.php(502): CodeIgniter\CodeIgniter->runController(Object(App\Controllers\Books))
 4 SYSTEMPATH\CodeIgniter.php(361): CodeIgniter\CodeIgniter->handleRequest(null, Object(Config\Cache), false)
 5 FCPATH\index.php(79): CodeIgniter\CodeIgniter->run()
 6 SYSTEMPATH\Commands\Server\rewrite.php(47): require_once('C:\\xampp\\htdocs\\project-root\\public\\index.php')
CRITICAL - 2024-05-23 23:22:45 --> ErrorException: Namespace declaration statement has to be the very first statement or after any declare call in the script
in APPPATH\Controllers\Books.php on line 4.
 1 [internal function]: CodeIgniter\Debug\Exceptions->shutdownHandler()
CRITICAL - 2024-05-23 23:22:46 --> ErrorException: Namespace declaration statement has to be the very first statement or after any declare call in the script
in APPPATH\Controllers\Books.php on line 4.
 1 [internal function]: CodeIgniter\Debug\Exceptions->shutdownHandler()
INFO - 2024-05-23 23:25:10 --> Session: Class initialized using 'CodeIgniter\Session\Handlers\FileHandler' driver.
CRITICAL - 2024-05-23 23:25:10 --> BadMethodCallException: Call to undefined method App\Models\BooksModel::getBuku
in SYSTEMPATH\Model.php on line 874.
 1 APPPATH\Controllers\Books.php(31): CodeIgniter\Model->__call('getBuku', [...])
 2 SYSTEMPATH\CodeIgniter.php(941): App\Controllers\Books->detail('malioboro')
 3 SYSTEMPATH\CodeIgniter.php(502): CodeIgniter\CodeIgniter->runController(Object(App\Controllers\Books))
 4 SYSTEMPATH\CodeIgniter.php(361): CodeIgniter\CodeIgniter->handleRequest(null, Object(Config\Cache), false)
 5 FCPATH\index.php(79): CodeIgniter\CodeIgniter->run()
 6 SYSTEMPATH\Commands\Server\rewrite.php(47): require_once('C:\\xampp\\htdocs\\project-root\\public\\index.php')
INFO - 2024-05-23 23:25:12 --> Session: Class initialized using 'CodeIgniter\Session\Handlers\FileHandler' driver.
CRITICAL - 2024-05-23 23:25:12 --> BadMethodCallException: Call to undefined method App\Models\BooksModel::getBuku
in SYSTEMPATH\Model.php on line 874.
 1 APPPATH\Controllers\Books.php(31): CodeIgniter\Model->__call('getBuku', [...])
 2 SYSTEMPATH\CodeIgniter.php(941): App\Controllers\Books->detail('malioboro')
 3 SYSTEMPATH\CodeIgniter.php(502): CodeIgniter\CodeIgniter->runController(Object(App\Controllers\Books))
 4 SYSTEMPATH\CodeIgniter.php(361): CodeIgniter\CodeIgniter->handleRequest(null, Object(Config\Cache), false)
 5 FCPATH\index.php(79): CodeIgniter\CodeIgniter->run()
 6 SYSTEMPATH\Commands\Server\rewrite.php(47): require_once('C:\\xampp\\htdocs\\project-root\\public\\index.php')
INFO - 2024-05-23 23:25:14 --> Session: Class initialized using 'CodeIgniter\Session\Handlers\FileHandler' driver.
CRITICAL - 2024-05-23 23:25:14 --> BadMethodCallException: Call to undefined method App\Models\BooksModel::getBuku
in SYSTEMPATH\Model.php on line 874.
 1 APPPATH\Controllers\Books.php(31): CodeIgniter\Model->__call('getBuku', [...])
 2 SYSTEMPATH\CodeIgniter.php(941): App\Controllers\Books->detail('malioboro')
 3 SYSTEMPATH\CodeIgniter.php(502): CodeIgniter\CodeIgniter->runController(Object(App\Controllers\Books))
 4 SYSTEMPATH\CodeIgniter.php(361): CodeIgniter\CodeIgniter->handleRequest(null, Object(Config\Cache), false)
 5 FCPATH\index.php(79): CodeIgniter\CodeIgniter->run()
 6 SYSTEMPATH\Commands\Server\rewrite.php(47): require_once('C:\\xampp\\htdocs\\project-root\\public\\index.php')
INFO - 2024-05-23 23:27:41 --> Session: Class initialized using 'CodeIgniter\Session\Handlers\FileHandler' driver.
CRITICAL - 2024-05-23 23:27:41 --> BadMethodCallException: Call to undefined method App\Models\BooksModel::getBuku
in SYSTEMPATH\Model.php on line 874.
 1 APPPATH\Controllers\Books.php(18): CodeIgniter\Model->__call('getBuku', [])
 2 SYSTEMPATH\CodeIgniter.php(941): App\Controllers\Books->index()
 3 SYSTEMPATH\CodeIgniter.php(502): CodeIgniter\CodeIgniter->runController(Object(App\Controllers\Books))
 4 SYSTEMPATH\CodeIgniter.php(361): CodeIgniter\CodeIgniter->handleRequest(null, Object(Config\Cache), false)
 5 FCPATH\index.php(79): CodeIgniter\CodeIgniter->run()
 6 SYSTEMPATH\Commands\Server\rewrite.php(47): require_once('C:\\xampp\\htdocs\\project-root\\public\\index.php')
INFO - 2024-05-23 23:27:47 --> Session: Class initialized using 'CodeIgniter\Session\Handlers\FileHandler' driver.
CRITICAL - 2024-05-23 23:27:47 --> BadMethodCallException: Call to undefined method App\Models\BooksModel::getBuku
in SYSTEMPATH\Model.php on line 874.
 1 APPPATH\Controllers\Books.php(31): CodeIgniter\Model->__call('getBuku', [...])
 2 SYSTEMPATH\CodeIgniter.php(941): App\Controllers\Books->detail('malioboro')
 3 SYSTEMPATH\CodeIgniter.php(502): CodeIgniter\CodeIgniter->runController(Object(App\Controllers\Books))
 4 SYSTEMPATH\CodeIgniter.php(361): CodeIgniter\CodeIgniter->handleRequest(null, Object(Config\Cache), false)
 5 FCPATH\index.php(79): CodeIgniter\CodeIgniter->run()
 6 SYSTEMPATH\Commands\Server\rewrite.php(47): require_once('C:\\xampp\\htdocs\\project-root\\public\\index.php')
INFO - 2024-05-23 23:27:48 --> Session: Class initialized using 'CodeIgniter\Session\Handlers\FileHandler' driver.
CRITICAL - 2024-05-23 23:27:49 --> BadMethodCallException: Call to undefined method App\Models\BooksModel::getBuku
in SYSTEMPATH\Model.php on line 874.
 1 APPPATH\Controllers\Books.php(18): CodeIgniter\Model->__call('getBuku', [])
 2 SYSTEMPATH\CodeIgniter.php(941): App\Controllers\Books->index()
 3 SYSTEMPATH\CodeIgniter.php(502): CodeIgniter\CodeIgniter->runController(Object(App\Controllers\Books))
 4 SYSTEMPATH\CodeIgniter.php(361): CodeIgniter\CodeIgniter->handleRequest(null, Object(Config\Cache), false)
 5 FCPATH\index.php(79): CodeIgniter\CodeIgniter->run()
 6 SYSTEMPATH\Commands\Server\rewrite.php(47): require_once('C:\\xampp\\htdocs\\project-root\\public\\index.php')
INFO - 2024-05-23 23:27:50 --> Session: Class initialized using 'CodeIgniter\Session\Handlers\FileHandler' driver.
CRITICAL - 2024-05-23 23:27:50 --> BadMethodCallException: Call to undefined method App\Models\BooksModel::getBuku
in SYSTEMPATH\Model.php on line 874.
 1 APPPATH\Controllers\Books.php(31): CodeIgniter\Model->__call('getBuku', [...])
 2 SYSTEMPATH\CodeIgniter.php(941): App\Controllers\Books->detail('malioboro')
 3 SYSTEMPATH\CodeIgniter.php(502): CodeIgniter\CodeIgniter->runController(Object(App\Controllers\Books))
 4 SYSTEMPATH\CodeIgniter.php(361): CodeIgniter\CodeIgniter->handleRequest(null, Object(Config\Cache), false)
 5 FCPATH\index.php(79): CodeIgniter\CodeIgniter->run()
 6 SYSTEMPATH\Commands\Server\rewrite.php(47): require_once('C:\\xampp\\htdocs\\project-root\\public\\index.php')
INFO - 2024-05-23 23:27:50 --> Session: Class initialized using 'CodeIgniter\Session\Handlers\FileHandler' driver.
CRITICAL - 2024-05-23 23:27:50 --> BadMethodCallException: Call to undefined method App\Models\BooksModel::getBuku
in SYSTEMPATH\Model.php on line 874.
 1 APPPATH\Controllers\Books.php(18): CodeIgniter\Model->__call('getBuku', [])
 2 SYSTEMPATH\CodeIgniter.php(941): App\Controllers\Books->index()
 3 SYSTEMPATH\CodeIgniter.php(502): CodeIgniter\CodeIgniter->runController(Object(App\Controllers\Books))
 4 SYSTEMPATH\CodeIgniter.php(361): CodeIgniter\CodeIgniter->handleRequest(null, Object(Config\Cache), false)
 5 FCPATH\index.php(79): CodeIgniter\CodeIgniter->run()
 6 SYSTEMPATH\Commands\Server\rewrite.php(47): require_once('C:\\xampp\\htdocs\\project-root\\public\\index.php')
INFO - 2024-05-23 23:27:51 --> Session: Class initialized using 'CodeIgniter\Session\Handlers\FileHandler' driver.
INFO - 2024-05-23 23:27:54 --> Session: Class initialized using 'CodeIgniter\Session\Handlers\FileHandler' driver.
CRITICAL - 2024-05-23 23:27:54 --> BadMethodCallException: Call to undefined method App\Models\BooksModel::getBuku
in SYSTEMPATH\Model.php on line 874.
 1 APPPATH\Controllers\Books.php(18): CodeIgniter\Model->__call('getBuku', [])
 2 SYSTEMPATH\CodeIgniter.php(941): App\Controllers\Books->index()
 3 SYSTEMPATH\CodeIgniter.php(502): CodeIgniter\CodeIgniter->runController(Object(App\Controllers\Books))
 4 SYSTEMPATH\CodeIgniter.php(361): CodeIgniter\CodeIgniter->handleRequest(null, Object(Config\Cache), false)
 5 FCPATH\index.php(79): CodeIgniter\CodeIgniter->run()
 6 SYSTEMPATH\Commands\Server\rewrite.php(47): require_once('C:\\xampp\\htdocs\\project-root\\public\\index.php')
INFO - 2024-05-23 23:27:56 --> Session: Class initialized using 'CodeIgniter\Session\Handlers\FileHandler' driver.
INFO - 2024-05-23 23:27:58 --> Session: Class initialized using 'CodeIgniter\Session\Handlers\FileHandler' driver.
INFO - 2024-05-23 23:28:00 --> Session: Class initialized using 'CodeIgniter\Session\Handlers\FileHandler' driver.
INFO - 2024-05-23 23:28:02 --> Session: Class initialized using 'CodeIgniter\Session\Handlers\FileHandler' driver.
CRITICAL - 2024-05-23 23:28:02 --> BadMethodCallException: Call to undefined method App\Models\BooksModel::getBuku
in SYSTEMPATH\Model.php on line 874.
 1 APPPATH\Controllers\Books.php(18): CodeIgniter\Model->__call('getBuku', [])
 2 SYSTEMPATH\CodeIgniter.php(941): App\Controllers\Books->index()
 3 SYSTEMPATH\CodeIgniter.php(502): CodeIgniter\CodeIgniter->runController(Object(App\Controllers\Books))
 4 SYSTEMPATH\CodeIgniter.php(361): CodeIgniter\CodeIgniter->handleRequest(null, Object(Config\Cache), false)
 5 FCPATH\index.php(79): CodeIgniter\CodeIgniter->run()
 6 SYSTEMPATH\Commands\Server\rewrite.php(47): require_once('C:\\xampp\\htdocs\\project-root\\public\\index.php')
INFO - 2024-05-23 23:30:06 --> Session: Class initialized using 'CodeIgniter\Session\Handlers\FileHandler' driver.
CRITICAL - 2024-05-23 23:30:06 --> BadMethodCallException: Call to undefined method App\Models\BooksModel::getBuku
in SYSTEMPATH\Model.php on line 874.
 1 APPPATH\Controllers\Books.php(18): CodeIgniter\Model->__call('getBuku', [])
 2 SYSTEMPATH\CodeIgniter.php(941): App\Controllers\Books->index()
 3 SYSTEMPATH\CodeIgniter.php(502): CodeIgniter\CodeIgniter->runController(Object(App\Controllers\Books))
 4 SYSTEMPATH\CodeIgniter.php(361): CodeIgniter\CodeIgniter->handleRequest(null, Object(Config\Cache), false)
 5 FCPATH\index.php(79): CodeIgniter\CodeIgniter->run()
 6 SYSTEMPATH\Commands\Server\rewrite.php(47): require_once('C:\\xampp\\htdocs\\project-root\\public\\index.php')
INFO - 2024-05-23 23:30:08 --> Session: Class initialized using 'CodeIgniter\Session\Handlers\FileHandler' driver.
CRITICAL - 2024-05-23 23:30:08 --> BadMethodCallException: Call to undefined method App\Models\BooksModel::getBuku
in SYSTEMPATH\Model.php on line 874.
 1 APPPATH\Controllers\Books.php(18): CodeIgniter\Model->__call('getBuku', [])
 2 SYSTEMPATH\CodeIgniter.php(941): App\Controllers\Books->index()
 3 SYSTEMPATH\CodeIgniter.php(502): CodeIgniter\CodeIgniter->runController(Object(App\Controllers\Books))
 4 SYSTEMPATH\CodeIgniter.php(361): CodeIgniter\CodeIgniter->handleRequest(null, Object(Config\Cache), false)
 5 FCPATH\index.php(79): CodeIgniter\CodeIgniter->run()
 6 SYSTEMPATH\Commands\Server\rewrite.php(47): require_once('C:\\xampp\\htdocs\\project-root\\public\\index.php')
INFO - 2024-05-23 23:30:08 --> Session: Class initialized using 'CodeIgniter\Session\Handlers\FileHandler' driver.
CRITICAL - 2024-05-23 23:30:08 --> BadMethodCallException: Call to undefined method App\Models\BooksModel::getBuku
in SYSTEMPATH\Model.php on line 874.
 1 APPPATH\Controllers\Books.php(18): CodeIgniter\Model->__call('getBuku', [])
 2 SYSTEMPATH\CodeIgniter.php(941): App\Controllers\Books->index()
 3 SYSTEMPATH\CodeIgniter.php(502): CodeIgniter\CodeIgniter->runController(Object(App\Controllers\Books))
 4 SYSTEMPATH\CodeIgniter.php(361): CodeIgniter\CodeIgniter->handleRequest(null, Object(Config\Cache), false)
 5 FCPATH\index.php(79): CodeIgniter\CodeIgniter->run()
 6 SYSTEMPATH\Commands\Server\rewrite.php(47): require_once('C:\\xampp\\htdocs\\project-root\\public\\index.php')
INFO - 2024-05-23 23:31:04 --> Session: Class initialized using 'CodeIgniter\Session\Handlers\FileHandler' driver.
INFO - 2024-05-23 23:31:07 --> Session: Class initialized using 'CodeIgniter\Session\Handlers\FileHandler' driver.
INFO - 2024-05-23 23:31:09 --> Session: Class initialized using 'CodeIgniter\Session\Handlers\FileHandler' driver.
INFO - 2024-05-23 23:31:36 --> Session: Class initialized using 'CodeIgniter\Session\Handlers\FileHandler' driver.
INFO - 2024-05-23 23:31:39 --> Session: Class initialized using 'CodeIgniter\Session\Handlers\FileHandler' driver.
INFO - 2024-05-23 23:32:14 --> Session: Class initialized using 'CodeIgniter\Session\Handlers\FileHandler' driver.
